  Cubemap.cpp
  LINK : E:\FILES\Università\TerzoAnno\CG-Project2\x64\Debug\CG-Project2.exe non trovato o non compilato dall'ultimo collegamento incrementale; verrà eseguito il collegamento completo
freetype26d.lib(ftinit.obj) : warning LNK4099: impossibile trovare il PDB '' con 'freetype26d.lib(ftinit.obj)' o in ''; oggetto collegato senza informazioni di debug
freetype26d.lib(ftbase.obj) : warning LNK4099: impossibile trovare il PDB '' con 'freetype26d.lib(ftbase.obj)' o in ''; oggetto collegato senza informazioni di debug
freetype26d.lib(autofit.obj) : warning LNK4099: impossibile trovare il PDB '' con 'freetype26d.lib(autofit.obj)' o in ''; oggetto collegato senza informazioni di debug
freetype26d.lib(truetype.obj) : warning LNK4099: impossibile trovare il PDB '' con 'freetype26d.lib(truetype.obj)' o in ''; oggetto collegato senza informazioni di debug
freetype26d.lib(type1.obj) : warning LNK4099: impossibile trovare il PDB '' con 'freetype26d.lib(type1.obj)' o in ''; oggetto collegato senza informazioni di debug
freetype26d.lib(cff.obj) : warning LNK4099: impossibile trovare il PDB '' con 'freetype26d.lib(cff.obj)' o in ''; oggetto collegato senza informazioni di debug
freetype26d.lib(type1cid.obj) : warning LNK4099: impossibile trovare il PDB '' con 'freetype26d.lib(type1cid.obj)' o in ''; oggetto collegato senza informazioni di debug
freetype26d.lib(pfr.obj) : warning LNK4099: impossibile trovare il PDB '' con 'freetype26d.lib(pfr.obj)' o in ''; oggetto collegato senza informazioni di debug
freetype26d.lib(type42.obj) : warning LNK4099: impossibile trovare il PDB '' con 'freetype26d.lib(type42.obj)' o in ''; oggetto collegato senza informazioni di debug
freetype26d.lib(winfnt.obj) : warning LNK4099: impossibile trovare il PDB '' con 'freetype26d.lib(winfnt.obj)' o in ''; oggetto collegato senza informazioni di debug
freetype26d.lib(pcf.obj) : warning LNK4099: impossibile trovare il PDB '' con 'freetype26d.lib(pcf.obj)' o in ''; oggetto collegato senza informazioni di debug
freetype26d.lib(psaux.obj) : warning LNK4099: impossibile trovare il PDB '' con 'freetype26d.lib(psaux.obj)' o in ''; oggetto collegato senza informazioni di debug
freetype26d.lib(psmodule.obj) : warning LNK4099: impossibile trovare il PDB '' con 'freetype26d.lib(psmodule.obj)' o in ''; oggetto collegato senza informazioni di debug
freetype26d.lib(pshinter.obj) : warning LNK4099: impossibile trovare il PDB '' con 'freetype26d.lib(pshinter.obj)' o in ''; oggetto collegato senza informazioni di debug
freetype26d.lib(raster.obj) : warning LNK4099: impossibile trovare il PDB '' con 'freetype26d.lib(raster.obj)' o in ''; oggetto collegato senza informazioni di debug
freetype26d.lib(sfnt.obj) : warning LNK4099: impossibile trovare il PDB '' con 'freetype26d.lib(sfnt.obj)' o in ''; oggetto collegato senza informazioni di debug
freetype26d.lib(smooth.obj) : warning LNK4099: impossibile trovare il PDB '' con 'freetype26d.lib(smooth.obj)' o in ''; oggetto collegato senza informazioni di debug
freetype26d.lib(bdf.obj) : warning LNK4099: impossibile trovare il PDB '' con 'freetype26d.lib(bdf.obj)' o in ''; oggetto collegato senza informazioni di debug
freetype26d.lib(ftsystem.obj) : warning LNK4099: impossibile trovare il PDB '' con 'freetype26d.lib(ftsystem.obj)' o in ''; oggetto collegato senza informazioni di debug
freetype26d.lib(ftdebug.obj) : warning LNK4099: impossibile trovare il PDB '' con 'freetype26d.lib(ftdebug.obj)' o in ''; oggetto collegato senza informazioni di debug
freetype26d.lib(ftbitmap.obj) : warning LNK4099: impossibile trovare il PDB '' con 'freetype26d.lib(ftbitmap.obj)' o in ''; oggetto collegato senza informazioni di debug
freetype26d.lib(ftgzip.obj) : warning LNK4099: impossibile trovare il PDB '' con 'freetype26d.lib(ftgzip.obj)' o in ''; oggetto collegato senza informazioni di debug
freetype26d.lib(ftlzw.obj) : warning LNK4099: impossibile trovare il PDB '' con 'freetype26d.lib(ftlzw.obj)' o in ''; oggetto collegato senza informazioni di debug
LINK : warning LNK4098: la libreria predefinita 'MSVCRT' è in conflitto con l'utilizzo di altre librerie; usare /NODEFAULTLIB:libreria
  CG-Project2.vcxproj -> E:\FILES\Università\TerzoAnno\CG-Project2\x64\Debug\CG-Project2.exe
