e:\files\università\terzoanno\cg-project2\cg-project2\x64\debug\vc143.pdb
e:\files\università\terzoanno\cg-project2\cg-project2\x64\debug\vc143.idb
e:\files\università\terzoanno\cg-project2\cg-project2\x64\debug\main.obj
e:\files\università\terzoanno\cg-project2\cg-project2\x64\debug\playstate.obj
e:\files\università\terzoanno\cg-project2\cg-project2\x64\debug\optionstate.obj
e:\files\università\terzoanno\cg-project2\cg-project2\x64\debug\introstate.obj
e:\files\università\terzoanno\cg-project2\cg-project2\x64\debug\game.obj
e:\files\università\terzoanno\cg-project2\cg-project2\x64\debug\texture.obj
e:\files\università\terzoanno\cg-project2\cg-project2\x64\debug\sphere.obj
e:\files\università\terzoanno\cg-project2\cg-project2\x64\debug\plane.obj
e:\files\università\terzoanno\cg-project2\cg-project2\x64\debug\cubemap.obj
e:\files\università\terzoanno\cg-project2\cg-project2\x64\debug\cube.obj
e:\files\università\terzoanno\cg-project2\cg-project2\x64\debug\imgui_widgets.obj
e:\files\università\terzoanno\cg-project2\cg-project2\x64\debug\imgui_tables.obj
e:\files\università\terzoanno\cg-project2\cg-project2\x64\debug\imgui_impl_opengl3.obj
e:\files\università\terzoanno\cg-project2\cg-project2\x64\debug\imgui_impl_glfw.obj
e:\files\università\terzoanno\cg-project2\cg-project2\x64\debug\imgui_draw.obj
e:\files\università\terzoanno\cg-project2\cg-project2\x64\debug\imgui_demo.obj
e:\files\università\terzoanno\cg-project2\cg-project2\x64\debug\imgui.obj
e:\files\università\terzoanno\cg-project2\cg-project2\x64\debug\imguifiledialog.obj
e:\files\università\terzoanno\cg-project2\cg-project2\x64\debug\camera.obj
e:\files\università\terzoanno\cg-project2\cg-project2\x64\debug\application.obj
e:\files\università\terzoanno\cg-project2\cg-project2\x64\debug\window.obj
e:\files\università\terzoanno\cg-project2\cg-project2\x64\debug\text.obj
e:\files\università\terzoanno\cg-project2\cg-project2\x64\debug\shader.obj
e:\files\università\terzoanno\cg-project2\cg-project2\x64\debug\glad.obj
e:\files\università\terzoanno\cg-project2\cg-project2\x64\debug\scene.obj
e:\files\università\terzoanno\cg-project2\x64\debug\cg-project2.exe
e:\files\università\terzoanno\cg-project2\cg-project2\x64\debug\cg-project2.ilk
e:\files\università\terzoanno\cg-project2\x64\debug\cg-project2.pdb
e:\files\università\terzoanno\cg-project2\cg-project2\x64\debug\cg-project2.tlog\cl.command.1.tlog
e:\files\università\terzoanno\cg-project2\cg-project2\x64\debug\cg-project2.tlog\cl.items.tlog
e:\files\università\terzoanno\cg-project2\cg-project2\x64\debug\cg-project2.tlog\cl.read.1.tlog
e:\files\università\terzoanno\cg-project2\cg-project2\x64\debug\cg-project2.tlog\cl.write.1.tlog
e:\files\università\terzoanno\cg-project2\cg-project2\x64\debug\cg-project2.tlog\link.command.1.tlog
e:\files\università\terzoanno\cg-project2\cg-project2\x64\debug\cg-project2.tlog\link.read.1.tlog
e:\files\università\terzoanno\cg-project2\cg-project2\x64\debug\cg-project2.tlog\link.write.1.tlog
